Opening INI file "D:\Sonic\s1mv\Sonic 1 SVN INIs\S1LVL.ini"...
Game type is S1.
Loading Green Hill Zone Act 1...
Loading 8x8 tiles from file "../artkos/8x8 - GHZ.kos", using compression Kosinski...
Loading 16x16 blocks from file "../map16/ghz.bin", using compression Enigma...
Loading 128x128 chunks from file "../map256/GHZ.bin", using compression Kosinski...
Loading layout from file "../levels/ghz1.bin", using compression Uncompressed...
Loading palette file "../palette/Sonic.bin"...
Source: 0 Destination: 0 Length: 16
Loading palette file "../palette/Green Hill Zone.bin"...
Source: 0 Destination: 16 Length: 48
Loading palette file "../palette/Sonic.bin"...
Source: 0 Destination: 0 Length: 16
Loading palette file "../palette/Green Hill Zone Night.bin"...
Source: 0 Destination: 16 Length: 48
Loading object definition file "obj.ini".
Loading object definition file "obj128.ini".
Loading object definition file "objGHZ.ini".
Loading ObjectDefinition type S1ObjectDefinitions.Common.Ring from "Common\Ring.cs"...
Loading type from cached assembly "dllcache\S1ObjectDefinitions.Common.Ring.dll"...
Loading ObjectDefinition type S1ObjectDefinitions.Common.InvisibleBlock from "Common\InvisibleBlock.cs"...
Loading type from cached assembly "dllcache\S1ObjectDefinitions.Common.InvisibleBlock.dll"...
Loading ObjectDefinition type S12005ObjectDefinitions.Common.PathSwapper from "Common\PathSwapper.cs"...
Loading type from cached assembly "dllcache\S12005ObjectDefinitions.Common.PathSwapper.dll"...
Loading ObjectDefinition type S1ObjectDefinitions.GHZ.Bridge from "GHZ\Bridge.cs"...
Loading type from cached assembly "dllcache\S1ObjectDefinitions.GHZ.Bridge.dll"...
Loading ObjectDefinition type S1ObjectDefinitions.GHZ.SwingingPlatform from "GHZ\SwingingPlatform.cs"...
Loading type from cached assembly "dllcache\S1ObjectDefinitions.GHZ.SwingingPlatform.dll"...
Loading objects from file "../objpos/ghz1.bin", using compression Uncompressed...
Loading start position "Level Start" from file "../misc/Start Location Array - Levels.bin"...
Error loading start position definition Level Start:
System.IndexOutOfRangeException: Index was outside the bounds of the array.
   at SonicRetro.SonLVL.API.MappingsTile..ctor(Byte[] file, Int32 address, EngineVersion version) in C:\Users\Mike\Documents\GitHub\SonLVL\SonLVLAPI\DataTypes.cs:line 1436
   at SonicRetro.SonLVL.API.MappingsFrame..ctor(Byte[] file, Int32 address, EngineVersion version, String name) in C:\Users\Mike\Documents\GitHub\SonLVL\SonLVLAPI\DataTypes.cs:line 1565
   at SonicRetro.SonLVL.API.MappingsFrame.Load(Byte[] file, EngineVersion version, Dictionary`2 labels) in C:\Users\Mike\Documents\GitHub\SonLVL\SonLVLAPI\DataTypes.cs:line 1537
   at SonicRetro.SonLVL.API.ObjectHelper.MapDPLCToBmp(Byte[] artfile, Byte[] mapfile, EngineVersion mapversion, Byte[] dplc, EngineVersion dplcversion, Int32 frame, Int32 startpal) in C:\Users\Mike\Documents\GitHub\SonLVL\SonLVLAPI\ObjectHelper.cs:line 62
   at SonicRetro.SonLVL.API.ObjectHelper.MapASMDPLCToBmp(Byte[] artfile, String mapfileloc, EngineVersion mapversion, String dplcloc, EngineVersion dplcversion, Int32 frame, Int32 startpal) in C:\Users\Mike\Documents\GitHub\SonLVL\SonLVLAPI\ObjectHelper.cs:line 97
   at SonicRetro.SonLVL.API.StartPositionDefinition..ctor(ObjectData data, String name) in C:\Users\Mike\Documents\GitHub\SonLVL\SonLVLAPI\ObjectDefinition.cs:line 1250
Drawing block bitmaps...
Drawing chunk bitmaps...
System.IndexOutOfRangeException: Index was outside the bounds of the array.
   at ObjDefEditor.MainForm.MakeNamespace(String name) in C:\Users\Mike\Documents\GitHub\SonLVL\ObjDefEditor\MainForm.cs:line 674
   at ObjDefEditor.MainForm.defNamespace_TextChanged(Object sender, EventArgs e) in C:\Users\Mike\Documents\GitHub\SonLVL\ObjDefEditor\MainForm.cs:line 662
   at System.Windows.Forms.Control.OnTextChanged(EventArgs e)
   at System.Windows.Forms.Control.set_Text(String value)
   at System.Windows.Forms.TextBoxBase.set_Text(String value)
   at System.Windows.Forms.TextBox.set_Text(String value)
   at ObjDefEditor.MainForm.objectDefinitionList_SelectedIndexChanged(Object sender, EventArgs e) in C:\Users\Mike\Documents\GitHub\SonLVL\ObjDefEditor\MainForm.cs:line 339
   at System.Windows.Forms.ComboBox.OnSelectedIndexChanged(EventArgs e)
   at System.Windows.Forms.ComboBox.WndProc(Message& m)
   at System.Windows.Forms.Control.ControlNativeWindow.WndProc(Message& m)
   at System.Windows.Forms.NativeWindow.Callback(IntPtr hWnd, Int32 msg, IntPtr wparam, IntPtr lparam)
